<?xml version="1.0" encoding="UTF-8"?>
<testsuite xmlns:xsi="http://www.w3.org/2001/XMLSchema-instance" xsi:noNamespaceSchemaLocation="https://maven.apache.org/surefire/maven-surefire-plugin/xsd/surefire-test-report-3.0.xsd" version="3.0" name="TestSuite" time="29.511" tests="2" errors="0" skipped="0" failures="1">
  <properties>
    <property name="sun.desktop" value="windows"/>
    <property name="awt.toolkit" value="sun.awt.windows.WToolkit"/>
    <property name="java.specification.version" value="11"/>
    <property name="webdriver.chrome.driver" value="C:\Java\chromedriver_win32\chromedriver.exe"/>
    <property name="sun.cpu.isalist" value="amd64"/>
    <property name="sun.jnu.encoding" value="Cp1252"/>
    <property name="java.class.path" value="C:\Users\mahesh.dindigala\eclipse-workspace\Automation\target\test-classes;C:\Users\mahesh.dindigala\eclipse-workspace\Automation\target\classes;C:\Users\mahesh.dindigala\.m2\repository\junit\junit\4.11\junit-4.11.jar;C:\Users\mahesh.dindigala\.m2\repository\org\hamcrest\hamcrest-core\1.3\hamcrest-core-1.3.jar;C:\Users\mahesh.dindigala\.m2\repository\org\seleniumhq\selenium\selenium-java\3.141.59\selenium-java-3.141.59.jar;C:\Users\mahesh.dindigala\.m2\repository\org\seleniumhq\selenium\selenium-api\3.141.59\selenium-api-3.141.59.jar;C:\Users\mahesh.dindigala\.m2\repository\org\seleniumhq\selenium\selenium-chrome-driver\3.141.59\selenium-chrome-driver-3.141.59.jar;C:\Users\mahesh.dindigala\.m2\repository\org\seleniumhq\selenium\selenium-edge-driver\3.141.59\selenium-edge-driver-3.141.59.jar;C:\Users\mahesh.dindigala\.m2\repository\org\seleniumhq\selenium\selenium-firefox-driver\3.141.59\selenium-firefox-driver-3.141.59.jar;C:\Users\mahesh.dindigala\.m2\repository\org\seleniumhq\selenium\selenium-ie-driver\3.141.59\selenium-ie-driver-3.141.59.jar;C:\Users\mahesh.dindigala\.m2\repository\org\seleniumhq\selenium\selenium-opera-driver\3.141.59\selenium-opera-driver-3.141.59.jar;C:\Users\mahesh.dindigala\.m2\repository\org\seleniumhq\selenium\selenium-remote-driver\3.141.59\selenium-remote-driver-3.141.59.jar;C:\Users\mahesh.dindigala\.m2\repository\org\seleniumhq\selenium\selenium-safari-driver\3.141.59\selenium-safari-driver-3.141.59.jar;C:\Users\mahesh.dindigala\.m2\repository\org\seleniumhq\selenium\selenium-support\3.141.59\selenium-support-3.141.59.jar;C:\Users\mahesh.dindigala\.m2\repository\net\bytebuddy\byte-buddy\1.8.15\byte-buddy-1.8.15.jar;C:\Users\mahesh.dindigala\.m2\repository\org\apache\commons\commons-exec\1.3\commons-exec-1.3.jar;C:\Users\mahesh.dindigala\.m2\repository\com\google\guava\guava\25.0-jre\guava-25.0-jre.jar;C:\Users\mahesh.dindigala\.m2\repository\com\google\code\findbugs\jsr305\1.3.9\jsr305-1.3.9.jar;C:\Users\mahesh.dindigala\.m2\repository\org\checkerframework\checker-compat-qual\2.0.0\checker-compat-qual-2.0.0.jar;C:\Users\mahesh.dindigala\.m2\repository\com\google\errorprone\error_prone_annotations\2.1.3\error_prone_annotations-2.1.3.jar;C:\Users\mahesh.dindigala\.m2\repository\com\google\j2objc\j2objc-annotations\1.1\j2objc-annotations-1.1.jar;C:\Users\mahesh.dindigala\.m2\repository\org\codehaus\mojo\animal-sniffer-annotations\1.14\animal-sniffer-annotations-1.14.jar;C:\Users\mahesh.dindigala\.m2\repository\com\squareup\okhttp3\okhttp\3.11.0\okhttp-3.11.0.jar;C:\Users\mahesh.dindigala\.m2\repository\com\squareup\okio\okio\1.14.0\okio-1.14.0.jar;C:\Users\mahesh.dindigala\.m2\repository\org\testng\testng\7.1.0\testng-7.1.0.jar;C:\Users\mahesh.dindigala\.m2\repository\com\beust\jcommander\1.72\jcommander-1.72.jar;C:\Users\mahesh.dindigala\.m2\repository\com\google\inject\guice\4.1.0\guice-4.1.0-no_aop.jar;C:\Users\mahesh.dindigala\.m2\repository\javax\inject\javax.inject\1\javax.inject-1.jar;C:\Users\mahesh.dindigala\.m2\repository\aopalliance\aopalliance\1.0\aopalliance-1.0.jar;C:\Users\mahesh.dindigala\.m2\repository\org\yaml\snakeyaml\1.21\snakeyaml-1.21.jar;C:\Users\mahesh.dindigala\.m2\repository\org\apache\logging\log4j\log4j-api\2.13.2\log4j-api-2.13.2.jar;C:\Users\mahesh.dindigala\.m2\repository\org\apache\logging\log4j\log4j-core\2.13.2\log4j-core-2.13.2.jar;C:\Users\mahesh.dindigala\.m2\repository\commons-io\commons-io\2.6\commons-io-2.6.jar;C:\Users\mahesh.dindigala\.m2\repository\com\aventstack\extentreports\4.1.5\extentreports-4.1.5.jar;C:\Users\mahesh.dindigala\.m2\repository\org\freemarker\freemarker\2.3.29\freemarker-2.3.29.jar;C:\Users\mahesh.dindigala\.m2\repository\org\apache\httpcomponents\httpclient\4.5.2\httpclient-4.5.2.jar;C:\Users\mahesh.dindigala\.m2\repository\org\apache\httpcomponents\httpcore\4.4.4\httpcore-4.4.4.jar;C:\Users\mahesh.dindigala\.m2\repository\commons-logging\commons-logging\1.2\commons-logging-1.2.jar;C:\Users\mahesh.dindigala\.m2\repository\commons-codec\commons-codec\1.9\commons-codec-1.9.jar;C:\Users\mahesh.dindigala\.m2\repository\org\apache\httpcomponents\httpmime\4.5.2\httpmime-4.5.2.jar;C:\Users\mahesh.dindigala\.m2\repository\com\google\code\gson\gson\2.8.6\gson-2.8.6.jar;C:\Users\mahesh.dindigala\.m2\repository\org\mongodb\mongodb-driver\3.12.0\mongodb-driver-3.12.0.jar;C:\Users\mahesh.dindigala\.m2\repository\org\mongodb\mongodb-driver-core\3.12.0\mongodb-driver-core-3.12.0.jar;C:\Users\mahesh.dindigala\.m2\repository\org\mongodb\bson\3.12.0\bson-3.12.0.jar;"/>
    <property name="java.vm.vendor" value="Oracle Corporation"/>
    <property name="sun.arch.data.model" value="64"/>
    <property name="user.variant" value=""/>
    <property name="java.vendor.url" value="http://java.oracle.com/"/>
    <property name="user.timezone" value="Asia/Calcutta"/>
    <property name="java.vm.specification.version" value="11"/>
    <property name="os.name" value="Windows 10"/>
    <property name="sun.java.launcher" value="SUN_STANDARD"/>
    <property name="user.country" value="IN"/>
    <property name="sun.boot.library.path" value="C:\Program Files\Java\jdk-11.0.6\bin"/>
    <property name="sun.java.command" value="C:\Users\mahesh.dindigala\AppData\Local\Temp\surefire17631878984822266379\surefirebooter1199339085356776278.jar C:\Users\mahesh.dindigala\AppData\Local\Temp\surefire17631878984822266379 2020-05-10T06-27-00_683-jvmRun1 surefire17554266745834198581tmp surefire_01092134453078656157tmp"/>
    <property name="jdk.debug" value="release"/>
    <property name="surefire.test.class.path" value="C:\Users\mahesh.dindigala\eclipse-workspace\Automation\target\test-classes;C:\Users\mahesh.dindigala\eclipse-workspace\Automation\target\classes;C:\Users\mahesh.dindigala\.m2\repository\junit\junit\4.11\junit-4.11.jar;C:\Users\mahesh.dindigala\.m2\repository\org\hamcrest\hamcrest-core\1.3\hamcrest-core-1.3.jar;C:\Users\mahesh.dindigala\.m2\repository\org\seleniumhq\selenium\selenium-java\3.141.59\selenium-java-3.141.59.jar;C:\Users\mahesh.dindigala\.m2\repository\org\seleniumhq\selenium\selenium-api\3.141.59\selenium-api-3.141.59.jar;C:\Users\mahesh.dindigala\.m2\repository\org\seleniumhq\selenium\selenium-chrome-driver\3.141.59\selenium-chrome-driver-3.141.59.jar;C:\Users\mahesh.dindigala\.m2\repository\org\seleniumhq\selenium\selenium-edge-driver\3.141.59\selenium-edge-driver-3.141.59.jar;C:\Users\mahesh.dindigala\.m2\repository\org\seleniumhq\selenium\selenium-firefox-driver\3.141.59\selenium-firefox-driver-3.141.59.jar;C:\Users\mahesh.dindigala\.m2\repository\org\seleniumhq\selenium\selenium-ie-driver\3.141.59\selenium-ie-driver-3.141.59.jar;C:\Users\mahesh.dindigala\.m2\repository\org\seleniumhq\selenium\selenium-opera-driver\3.141.59\selenium-opera-driver-3.141.59.jar;C:\Users\mahesh.dindigala\.m2\repository\org\seleniumhq\selenium\selenium-remote-driver\3.141.59\selenium-remote-driver-3.141.59.jar;C:\Users\mahesh.dindigala\.m2\repository\org\seleniumhq\selenium\selenium-safari-driver\3.141.59\selenium-safari-driver-3.141.59.jar;C:\Users\mahesh.dindigala\.m2\repository\org\seleniumhq\selenium\selenium-support\3.141.59\selenium-support-3.141.59.jar;C:\Users\mahesh.dindigala\.m2\repository\net\bytebuddy\byte-buddy\1.8.15\byte-buddy-1.8.15.jar;C:\Users\mahesh.dindigala\.m2\repository\org\apache\commons\commons-exec\1.3\commons-exec-1.3.jar;C:\Users\mahesh.dindigala\.m2\repository\com\google\guava\guava\25.0-jre\guava-25.0-jre.jar;C:\Users\mahesh.dindigala\.m2\repository\com\google\code\findbugs\jsr305\1.3.9\jsr305-1.3.9.jar;C:\Users\mahesh.dindigala\.m2\repository\org\checkerframework\checker-compat-qual\2.0.0\checker-compat-qual-2.0.0.jar;C:\Users\mahesh.dindigala\.m2\repository\com\google\errorprone\error_prone_annotations\2.1.3\error_prone_annotations-2.1.3.jar;C:\Users\mahesh.dindigala\.m2\repository\com\google\j2objc\j2objc-annotations\1.1\j2objc-annotations-1.1.jar;C:\Users\mahesh.dindigala\.m2\repository\org\codehaus\mojo\animal-sniffer-annotations\1.14\animal-sniffer-annotations-1.14.jar;C:\Users\mahesh.dindigala\.m2\repository\com\squareup\okhttp3\okhttp\3.11.0\okhttp-3.11.0.jar;C:\Users\mahesh.dindigala\.m2\repository\com\squareup\okio\okio\1.14.0\okio-1.14.0.jar;C:\Users\mahesh.dindigala\.m2\repository\org\testng\testng\7.1.0\testng-7.1.0.jar;C:\Users\mahesh.dindigala\.m2\repository\com\beust\jcommander\1.72\jcommander-1.72.jar;C:\Users\mahesh.dindigala\.m2\repository\com\google\inject\guice\4.1.0\guice-4.1.0-no_aop.jar;C:\Users\mahesh.dindigala\.m2\repository\javax\inject\javax.inject\1\javax.inject-1.jar;C:\Users\mahesh.dindigala\.m2\repository\aopalliance\aopalliance\1.0\aopalliance-1.0.jar;C:\Users\mahesh.dindigala\.m2\repository\org\yaml\snakeyaml\1.21\snakeyaml-1.21.jar;C:\Users\mahesh.dindigala\.m2\repository\org\apache\logging\log4j\log4j-api\2.13.2\log4j-api-2.13.2.jar;C:\Users\mahesh.dindigala\.m2\repository\org\apache\logging\log4j\log4j-core\2.13.2\log4j-core-2.13.2.jar;C:\Users\mahesh.dindigala\.m2\repository\commons-io\commons-io\2.6\commons-io-2.6.jar;C:\Users\mahesh.dindigala\.m2\repository\com\aventstack\extentreports\4.1.5\extentreports-4.1.5.jar;C:\Users\mahesh.dindigala\.m2\repository\org\freemarker\freemarker\2.3.29\freemarker-2.3.29.jar;C:\Users\mahesh.dindigala\.m2\repository\org\apache\httpcomponents\httpclient\4.5.2\httpclient-4.5.2.jar;C:\Users\mahesh.dindigala\.m2\repository\org\apache\httpcomponents\httpcore\4.4.4\httpcore-4.4.4.jar;C:\Users\mahesh.dindigala\.m2\repository\commons-logging\commons-logging\1.2\commons-logging-1.2.jar;C:\Users\mahesh.dindigala\.m2\repository\commons-codec\commons-codec\1.9\commons-codec-1.9.jar;C:\Users\mahesh.dindigala\.m2\repository\org\apache\httpcomponents\httpmime\4.5.2\httpmime-4.5.2.jar;C:\Users\mahesh.dindigala\.m2\repository\com\google\code\gson\gson\2.8.6\gson-2.8.6.jar;C:\Users\mahesh.dindigala\.m2\repository\org\mongodb\mongodb-driver\3.12.0\mongodb-driver-3.12.0.jar;C:\Users\mahesh.dindigala\.m2\repository\org\mongodb\mongodb-driver-core\3.12.0\mongodb-driver-core-3.12.0.jar;C:\Users\mahesh.dindigala\.m2\repository\org\mongodb\bson\3.12.0\bson-3.12.0.jar;"/>
    <property name="sun.cpu.endian" value="little"/>
    <property name="user.home" value="C:\Users\mahesh.dindigala"/>
    <property name="user.language" value="en"/>
    <property name="java.specification.vendor" value="Oracle Corporation"/>
    <property name="java.version.date" value="2020-01-14"/>
    <property name="java.home" value="C:\Program Files\Java\jdk-11.0.6"/>
    <property name="file.separator" value="\"/>
    <property name="basedir" value="C:\Users\mahesh.dindigala\eclipse-workspace\Automation"/>
    <property name="java.vm.compressedOopsMode" value="32-bit"/>
    <property name="line.separator" value="&#10;"/>
    <property name="java.specification.name" value="Java Platform API Specification"/>
    <property name="java.vm.specification.vendor" value="Oracle Corporation"/>
    <property name="java.awt.graphicsenv" value="sun.awt.Win32GraphicsEnvironment"/>
    <property name="surefire.real.class.path" value="C:\Users\mahesh.dindigala\AppData\Local\Temp\surefire17631878984822266379\surefirebooter1199339085356776278.jar"/>
    <property name="user.script" value=""/>
    <property name="sun.management.compiler" value="HotSpot 64-Bit Tiered Compilers"/>
    <property name="java.runtime.version" value="11.0.6+8-LTS"/>
    <property name="user.name" value="mahesh.dindigala"/>
    <property name="path.separator" value=";"/>
    <property name="os.version" value="10.0"/>
    <property name="java.runtime.name" value="Java(TM) SE Runtime Environment"/>
    <property name="file.encoding" value="Cp1252"/>
    <property name="java.vm.name" value="Java HotSpot(TM) 64-Bit Server VM"/>
    <property name="java.vendor.version" value="18.9"/>
    <property name="localRepository" value="C:\Users\mahesh.dindigala\.m2\repository"/>
    <property name="java.vendor.url.bug" value="http://bugreport.java.com/bugreport/"/>
    <property name="java.io.tmpdir" value="C:\Users\MAHESH~1.DIN\AppData\Local\Temp\"/>
    <property name="java.version" value="11.0.6"/>
    <property name="user.dir" value="C:\Users\mahesh.dindigala\eclipse-workspace\Automation"/>
    <property name="os.arch" value="amd64"/>
    <property name="java.vm.specification.name" value="Java Virtual Machine Specification"/>
    <property name="java.awt.printerjob" value="sun.awt.windows.WPrinterJob"/>
    <property name="sun.os.patch.level" value=""/>
    <property name="java.library.path" value="C:\Program Files\Java\jdk-11.0.6\bin;C:\Windows\Sun\Java\bin;C:\Windows\system32;C:\Windows;C:\Windows\system32;C:\Windows;C:\Windows\System32\Wbem;C:\Windows\System32\WindowsPowerShell\v1.0\;C:\Windows\System32\OpenSSH\;C:\Program Files\Java\jdk-11.0.6\bin;C:\Program Files\nodejs\;C:\Program Files\Microsoft SQL Server\130\Tools\Binn\;C:\PHP7;C:\Users\mahesh.dindigala\AppData\Roaming\Microsoft\Windows\Start Menu\Programs\Python 3.8;C:\Java\apache-maven-3.6.3-bin\apache-maven-3.6.3\bin;C:\Users\mahesh.dindigala\AppData\Local\Programs\Python\Python38-32\Scripts\;C:\Users\mahesh.dindigala\AppData\Local\Programs\Python\Python38-32\;C:\Users\mahesh.dindigala\AppData\Local\Microsoft\WindowsApps;C:\Users\mahesh.dindigala\AppData\Roaming\npm;C:\Users\mahesh.dindigala\AppData\Local\Programs\Microsoft VS Code\bin;C:\Users\mahesh.dindigala\AppData\Local\Programs\Git\cmd;C:\Users\mahesh.dindigala\AppData\Local\ComposerSetup\bin;C:\Users\mahesh.dindigala\AppData\Roaming\Composer\vendor\bin;."/>
    <property name="java.vendor" value="Oracle Corporation"/>
    <property name="java.vm.info" value="mixed mode"/>
    <property name="java.vm.version" value="11.0.6+8-LTS"/>
    <property name="sun.io.unicode.encoding" value="UnicodeLittle"/>
    <property name="java.class.version" value="55.0"/>
  </properties>
  <testcase name="backendLogin" classname="Framework.backendLoginTest" time="0.807">
    <failure type="java.lang.AssertionError"><![CDATA[java.lang.AssertionError
	at Framework.backendLoginTest.backendLogin(backendLoginTest.java:31)
]]></failure>
    <system-err><![CDATA[Starting ChromeDriver 81.0.4044.69 (6813546031a4bc83f717a2ef7cd4ac6ec1199132-refs/branch-heads/4044@{#776}) on port 44646
Only local connections are allowed.
Please protect ports used by ChromeDriver and related test frameworks to prevent access by malicious code.
Starting ChromeDriver 81.0.4044.69 (6813546031a4bc83f717a2ef7cd4ac6ec1199132-refs/branch-heads/4044@{#776}) on port 33612
Only local connections are allowed.
Please protect ports used by ChromeDriver and related test frameworks to prevent access by malicious code.
May 10, 2020 6:27:05 AM org.openqa.selenium.remote.ProtocolHandshake createSession
INFO: Detected dialect: W3C
May 10, 2020 6:27:05 AM org.openqa.selenium.remote.ProtocolHandshake createSession
INFO: Detected dialect: W3C
[1589072229.872][SEVERE]: Timed out receiving message from renderer: 0.100
[1589072231.257][SEVERE]: Timed out receiving message from renderer: 0.100
[1589072231.359][SEVERE]: Timed out receiving message from renderer: 0.100
[1589072231.460][SEVERE]: Timed out receiving message from renderer: 0.100
[1589072231.683][SEVERE]: Timed out receiving message from renderer: 0.100
[1589072231.785][SEVERE]: Timed out receiving message from renderer: 0.100
[1589072231.830][SEVERE]: Timed out receiving message from renderer: 0.100
[1589072231.886][SEVERE]: Timed out receiving message from renderer: 0.100
[1589072231.934][SEVERE]: Timed out receiving message from renderer: 0.100
[1589072232.036][SEVERE]: Timed out receiving message from renderer: 0.100
[1589072232.050][SEVERE]: Timed out receiving message from renderer: 0.100
[1589072232.137][SEVERE]: Timed out receiving message from renderer: 0.100
[1589072232.153][SEVERE]: Timed out receiving message from renderer: 0.100
[1589072232.241][SEVERE]: Timed out receiving message from renderer: 0.100
[1589072232.254][SEVERE]: Timed out receiving message from renderer: 0.100
[1589072232.350][SEVERE]: Timed out receiving message from renderer: 0.100
[1589072232.394][SEVERE]: Timed out receiving message from renderer: 0.100
[1589072232.451][SEVERE]: Timed out receiving message from renderer: 0.100
[1589072232.498][SEVERE]: Timed out receiving message from renderer: 0.100
[1589072232.599][SEVERE]: Timed out receiving message from renderer: 0.100
[1589072232.700][SEVERE]: Timed out receiving message from renderer: 0.100
[1589072232.801][SEVERE]: Timed out receiving message from renderer: 0.100
[1589072233.271][SEVERE]: Timed out receiving message from renderer: 0.100
[1589072233.299][SEVERE]: Timed out receiving message from renderer: 0.100
[1589072233.372][SEVERE]: Timed out receiving message from renderer: 0.100
[1589072233.400][SEVERE]: Timed out receiving message from renderer: 0.100
[1589072233.473][SEVERE]: Timed out receiving message from renderer: 0.100
[1589072233.502][SEVERE]: Timed out receiving message from renderer: 0.100
[1589072233.575][SEVERE]: Timed out receiving message from renderer: 0.100
[1589072233.603][SEVERE]: Timed out receiving message from renderer: 0.100
[1589072233.676][SEVERE]: Timed out receiving message from renderer: 0.100
[1589072233.709][SEVERE]: Timed out receiving message from renderer: 0.100
[1589072233.777][SEVERE]: Timed out receiving message from renderer: 0.100
[1589072233.810][SEVERE]: Timed out receiving message from renderer: 0.100
[1589072233.885][SEVERE]: Timed out receiving message from renderer: 0.100
[1589072233.912][SEVERE]: Timed out receiving message from renderer: 0.100
[1589072233.986][SEVERE]: Timed out receiving message from renderer: 0.100
[1589072234.014][SEVERE]: Timed out receiving message from renderer: 0.100
[1589072234.087][SEVERE]: Timed out receiving message from renderer: 0.100
[1589072234.117][SEVERE]: Timed out receiving message from renderer: 0.100
[1589072234.188][SEVERE]: Timed out receiving message from renderer: 0.100
[1589072234.218][SEVERE]: Timed out receiving message from renderer: 0.100
[1589072234.289][SEVERE]: Timed out receiving message from renderer: 0.100
[1589072234.319][SEVERE]: Timed out receiving message from renderer: 0.100
[1589072234.391][SEVERE]: Timed out receiving message from renderer: 0.100
[1589072234.420][SEVERE]: Timed out receiving message from renderer: 0.100
[1589072234.493][SEVERE]: Timed out receiving message from renderer: 0.100
[1589072234.522][SEVERE]: Timed out receiving message from renderer: 0.100
[1589072234.594][SEVERE]: Timed out receiving message from renderer: 0.100
[1589072234.694][SEVERE]: Timed out receiving message from renderer: 0.100
[1589072234.695][SEVERE]: Timed out receiving message from renderer: 0.100
[1589072234.796][SEVERE]: Timed out receiving message from renderer: 0.100
[1589072234.796][SEVERE]: Timed out receiving message from renderer: 0.100
[1589072234.897][SEVERE]: Timed out receiving message from renderer: 0.100
[1589072234.898][SEVERE]: Timed out receiving message from renderer: 0.100
[1589072234.999][SEVERE]: Timed out receiving message from renderer: 0.100
[1589072235.102][SEVERE]: Timed out receiving message from renderer: 0.100
[1589072235.204][SEVERE]: Timed out receiving message from renderer: 0.100
[1589072235.306][SEVERE]: Timed out receiving message from renderer: 0.100
[1589072235.339][SEVERE]: Timed out receiving message from renderer: 0.100
[1589072235.407][SEVERE]: Timed out receiving message from renderer: 0.100
[1589072235.506][SEVERE]: Timed out receiving message from renderer: 0.100
[1589072235.508][SEVERE]: Timed out receiving message from renderer: 0.100
[1589072235.607][SEVERE]: Timed out receiving message from renderer: 0.100
[1589072235.611][SEVERE]: Timed out receiving message from renderer: 0.100
[1589072235.709][SEVERE]: Timed out receiving message from renderer: 0.100
[1589072235.764][SEVERE]: Timed out receiving message from renderer: 0.100
[1589072235.868][SEVERE]: Timed out receiving message from renderer: 0.100
[1589072235.871][SEVERE]: Timed out receiving message from renderer: 0.100
[1589072235.971][SEVERE]: Timed out receiving message from renderer: 0.100
[1589072235.977][SEVERE]: Timed out receiving message from renderer: 0.100
[1589072236.073][SEVERE]: Timed out receiving message from renderer: 0.100
[1589072236.079][SEVERE]: Timed out receiving message from renderer: 0.100
[1589072236.176][SEVERE]: Timed out receiving message from renderer: 0.100
[1589072236.180][SEVERE]: Timed out receiving message from renderer: 0.100
[1589072236.277][SEVERE]: Timed out receiving message from renderer: 0.100
[1589072236.281][SEVERE]: Timed out receiving message from renderer: 0.100
[1589072236.379][SEVERE]: Timed out receiving message from renderer: 0.100
[1589072236.383][SEVERE]: Timed out receiving message from renderer: 0.100
[1589072236.480][SEVERE]: Timed out receiving message from renderer: 0.100
[1589072236.485][SEVERE]: Timed out receiving message from renderer: 0.100
[1589072236.594][SEVERE]: Timed out receiving message from renderer: 0.100
[1589072236.666][SEVERE]: Timed out receiving message from renderer: 0.100
[1589072236.696][SEVERE]: Timed out receiving message from renderer: 0.100
[1589072236.768][SEVERE]: Timed out receiving message from renderer: 0.100
[1589072236.799][SEVERE]: Timed out receiving message from renderer: 0.100
[1589072236.869][SEVERE]: Timed out receiving message from renderer: 0.100
[1589072236.902][SEVERE]: Timed out receiving message from renderer: 0.100
[1589072236.970][SEVERE]: Timed out receiving message from renderer: 0.100
[1589072237.041][SEVERE]: Timed out receiving message from renderer: 0.100
[1589072237.072][SEVERE]: Timed out receiving message from renderer: 0.100
[1589072237.143][SEVERE]: Timed out receiving message from renderer: 0.100
[1589072237.173][SEVERE]: Timed out receiving message from renderer: 0.100
[1589072237.244][SEVERE]: Timed out receiving message from renderer: 0.100
[1589072237.274][SEVERE]: Timed out receiving message from renderer: 0.100
[1589072237.345][SEVERE]: Timed out receiving message from renderer: 0.100
[1589072237.376][SEVERE]: Timed out receiving message from renderer: 0.100
[1589072237.446][SEVERE]: Timed out receiving message from renderer: 0.100
[1589072237.478][SEVERE]: Timed out receiving message from renderer: 0.100
[1589072237.547][SEVERE]: Timed out receiving message from renderer: 0.100
[1589072237.594][SEVERE]: Timed out receiving message from renderer: 0.100
[1589072237.741][SEVERE]: Timed out receiving message from renderer: 0.100
[1589072237.750][SEVERE]: Timed out receiving message from renderer: 0.100
[1589072237.846][SEVERE]: Timed out receiving message from renderer: 0.100
[1589072237.851][SEVERE]: Timed out receiving message from renderer: 0.100
[1589072237.948][SEVERE]: Timed out receiving message from renderer: 0.100
[1589072237.953][SEVERE]: Timed out receiving message from renderer: 0.100
[1589072238.049][SEVERE]: Timed out receiving message from renderer: 0.100
[1589072238.056][SEVERE]: Timed out receiving message from renderer: 0.100
[1589072238.151][SEVERE]: Timed out receiving message from renderer: 0.100
[1589072238.158][SEVERE]: Timed out receiving message from renderer: 0.100
[1589072238.252][SEVERE]: Timed out receiving message from renderer: 0.100
[1589072238.259][SEVERE]: Timed out receiving message from renderer: 0.100
[1589072238.364][SEVERE]: Timed out receiving message from renderer: 0.100
[1589072238.366][SEVERE]: Timed out receiving message from renderer: 0.100
[1589072238.46[1589072238.470][SEVERE]: Timed out receiving message from renderer: 0.100
9][SEVERE]: Timed out receiving message from renderer: 0.100
[1589072238.601][SEVERE]: Timed out receiving message from renderer: 0.100
[1589072238.612][SEVERE]: Timed out receiving message from renderer: 0.100
[1589072238.703][SEVERE]: Timed out receiving message from renderer: 0.100
[1589072238.713][SEVERE]: Timed out receiving message from renderer: 0.100
[1589072238.805][SEVERE]: Timed out receiving message from renderer: 0.100
[1589072238.815][SEVERE]: Timed out receiving message from renderer: 0.100
[1589072238.907][SEVERE]: Timed out receiving message from renderer: 0.100
[1589072238.918][SEVERE]: Timed out receiving message from renderer: 0.100
[1589072239.008][SEVERE]: Timed out receiving message from renderer: 0.100
[1589072239.020][SEVERE]: Timed out receiving message from renderer: 0.100
[1589072239.110][SEVERE]: Timed out receiving message from renderer: 0.100
[1589072239.121][SEVERE]: Timed out receiving message from renderer: 0.100
[1589072239.211][SEVERE]: Timed out receiving message from renderer: 0.100
[1589072239.223][SEVERE]: Timed out receiving message from renderer: 0.100
[1589072239.593][SEVERE]: Timed out receiving message from renderer: 0.100
[1589072239.695][SEVERE]: Timed out receiving message from renderer: 0.100
[1589072239.797][SEVERE]: Timed out receiving message from renderer: 0.100
[1589072239.899][SEVERE]: Timed out receiving message from renderer: 0.100
[1589072240.002][SEVERE]: Timed out receiving message from renderer: 0.100
[1589072240.104][SEVERE]: Timed out receiving message from renderer: 0.100
[1589072240.206][SEVERE]: Timed out receiving message from renderer: 0.100
[1589072240.308][SEVERE]: Timed out receiving message from renderer: 0.100
[1589072240.410][SEVERE]: Timed out receiving message from renderer: 0.100
[1589072240.511][SEVERE]: Timed out receiving message from renderer: 0.100
[1589072240.612][SEVERE]: Timed out receiving message from renderer: 0.100
[1589072240.714][SEVERE]: Timed out receiving message from renderer: 0.100
[1589072240.816][SEVERE]: Timed out receiving message from renderer: 0.100
[1589072240.917][SEVERE]: Timed out receiving message from renderer: 0.100
[1589072241.021][SEVERE]: Timed out receiving message from renderer: 0.100
[1589072241.131][SEVERE]: Timed out receiving message from renderer: 0.100
[1589072241.236][SEVERE]: Timed out receiving message from renderer: 0.100
[1589072241.338][SEVERE]: Timed out receiving message from renderer: 0.100
[1589072241.439][SEVERE]: Timed out receiving message from renderer: 0.100
[1589072241.543][SEVERE]: Timed out receiving message from renderer: 0.100
]]></system-err>
  </testcase>
  <testcase name="frontEndLogin" classname="Framework.frontEndLoginTest" time="7.17"/>
</testsuite>