<?xml version="1.0" encoding="UTF-8"?>
<!-- Generated by org.testng.reporters.JUnitReportReporter -->
<testsuite hostname="DESKTOP-ENR6CMC" failures="0" tests="1" name="Framework.loginTest" time="22.406" errors="0" timestamp="2020-05-10T01:11:03 IST" skipped="0">
  <testcase classname="Framework.loginTest" name="Login" time="22.406"/>
  <system-out/>
</testsuite> <!-- Framework.loginTest -->
