<?xml version="1.0" encoding="UTF-8"?>
<!-- Generated by org.testng.reporters.JUnitReportReporter -->
<testsuite hostname="DESKTOP-ENR6CMC" failures="0" tests="1" name="Framework.frontEndLoginTest" time="75.310" errors="0" timestamp="2020-05-11T12:04:45 IST" skipped="0">
  <testcase classname="Framework.frontEndLoginTest" name="frontEndLogin" time="75.310"/>
  <system-out/>
</testsuite> <!-- Framework.frontEndLoginTest -->
