<?xml version="1.0" encoding="UTF-8"?>
<!-- Generated by org.testng.reporters.JUnitReportReporter -->
<testsuite hostname="DESKTOP-ENR6CMC" failures="0" tests="1" name="Framework.frontEndLoginTest" time="28.734" errors="0" timestamp="2020-05-10T06:27:30 IST" skipped="0">
  <testcase classname="Framework.frontEndLoginTest" name="frontEndLogin" time="28.734"/>
  <system-out/>
</testsuite> <!-- Framework.frontEndLoginTest -->
